<?xml version="1.0" encoding="UTF-8"?>
<testng-results skipped="0" failed="0" ignored="0" total="1" passed="1">
  <reporter-output>
  </reporter-output>
  <suite name="Default suite" duration-ms="36" started-at="2021-09-14T12:57:46Z" finished-at="2021-09-14T12:57:46Z">
    <groups>
    </groups>
    <test name="Default test" duration-ms="36" started-at="2021-09-14T12:57:46Z" finished-at="2021-09-14T12:57:46Z">
      <class name="com.UII.A">
        <test-method status="PASS" signature="m1()[pri:0, instance:com.UII.A@2ef5e5e3]" name="m1" duration-ms="10" started-at="2021-09-14T18:27:46Z" finished-at="2021-09-14T18:27:46Z">
          <reporter-output>
          </reporter-output>
        </test-method> <!-- m1 -->
      </class> <!-- com.UII.A -->
    </test> <!-- Default test -->
  </suite> <!-- Default suite -->
</testng-results>
